7/11/2017 11:05:14 AM, Info: Initializing SIMPLSharp Services...
7/11/2017 11:05:14 AM, Info: ProjectInfo successfully initialized.
7/11/2017 11:05:18 AM, Info: Commiting verification transaction...
7/11/2017 11:05:18 AM, Info: Saving project information...
7/11/2017 11:06:31 AM, Info: Initializing SIMPLSharp Services...
7/11/2017 11:06:31 AM, Info: ProjectInfo successfully initialized.
7/11/2017 11:06:34 AM, Info: Commiting verification transaction...
7/11/2017 11:06:34 AM, Info: Saving project information...
7/11/2017 11:07:38 AM, Info: Initializing SIMPLSharp Services...
7/11/2017 11:07:38 AM, Info: ProjectInfo successfully initialized.
7/11/2017 11:07:39 AM, Info: Commiting verification transaction...
7/11/2017 11:07:39 AM, Info: Saving project information...
7/11/2017 11:08:21 AM, Info: Initializing SIMPLSharp Services...
7/11/2017 11:08:21 AM, Info: ProjectInfo successfully initialized.
7/11/2017 11:08:22 AM, Info: Commiting verification transaction...
7/11/2017 11:08:22 AM, Info: Saving project information...
7/11/2017 11:26:38 AM, Info: Initializing SIMPLSharp Services...
7/11/2017 11:26:38 AM, Info: ProjectInfo successfully initialized.
7/11/2017 11:26:40 AM, Info: Commiting verification transaction...
7/11/2017 11:26:40 AM, Info: Saving project information...
7/11/2017 11:26:46 AM, Info: Initializing SIMPLSharp Services...
7/11/2017 11:26:46 AM, Info: ProjectInfo successfully initialized.
7/11/2017 11:26:47 AM, Info: Commiting verification transaction...
7/11/2017 11:26:47 AM, Info: Saving project information...
7/11/2017 11:26:50 AM, Info: Initializing SIMPLSharp Services...
7/11/2017 11:26:50 AM, Info: ProjectInfo successfully initialized.
7/11/2017 11:26:51 AM, Info: Commiting verification transaction...
7/11/2017 11:26:51 AM, Info: Saving project information...
7/11/2017 11:28:49 AM, Info: Initializing SIMPLSharp Services...
7/11/2017 11:28:49 AM, Info: ProjectInfo successfully initialized.
7/11/2017 11:28:51 AM, Info: Commiting verification transaction...
7/11/2017 11:28:51 AM, Info: Saving project information...
7/11/2017 11:29:45 AM, Info: Initializing SIMPLSharp Services...
7/11/2017 11:29:45 AM, Info: ProjectInfo successfully initialized.
7/11/2017 11:29:46 AM, Info: Commiting verification transaction...
7/11/2017 11:29:46 AM, Info: Saving project information...
7/11/2017 11:30:20 AM, Info: Initializing SIMPLSharp Services...
7/11/2017 11:30:20 AM, Info: ProjectInfo successfully initialized.
7/11/2017 11:30:21 AM, Info: Commiting verification transaction...
7/11/2017 11:30:21 AM, Info: Saving project information...
7/11/2017 11:30:23 AM, Info: Initializing SIMPLSharp Services...
7/11/2017 11:30:23 AM, Info: ProjectInfo successfully initialized.
7/11/2017 11:30:25 AM, Info: Commiting verification transaction...
7/11/2017 11:30:25 AM, Info: Saving project information...
7/11/2017 11:34:40 AM, Info: Initializing SIMPLSharp Services...
7/11/2017 11:34:40 AM, Info: ProjectInfo successfully initialized.
7/11/2017 11:34:41 AM, Info: Commiting verification transaction...
7/11/2017 11:34:41 AM, Info: Saving project information...
7/11/2017 11:49:35 AM, Info: Initializing SIMPLSharp Services...
7/11/2017 11:49:35 AM, Info: ProjectInfo successfully initialized.
7/11/2017 11:49:37 AM, Info: Commiting verification transaction...
7/11/2017 11:49:37 AM, Info: Saving project information...
7/11/2017 11:50:02 AM, Info: Initializing SIMPLSharp Services...
7/11/2017 11:50:02 AM, Info: ProjectInfo successfully initialized.
7/11/2017 11:50:04 AM, Info: Commiting verification transaction...
7/11/2017 11:50:04 AM, Info: Saving project information...
7/11/2017 11:53:36 AM, Info: Initializing SIMPLSharp Services...
7/11/2017 11:53:36 AM, Info: ProjectInfo successfully initialized.
7/11/2017 11:53:39 AM, Info: Commiting verification transaction...
7/11/2017 11:53:39 AM, Info: Saving project information...
7/11/2017 11:54:22 AM, Info: Initializing SIMPLSharp Services...
7/11/2017 11:54:22 AM, Info: ProjectInfo successfully initialized.
7/11/2017 11:54:24 AM, Info: Commiting verification transaction...
7/11/2017 11:54:24 AM, Info: Saving project information...
7/11/2017 11:56:08 AM, Info: Initializing SIMPLSharp Services...
7/11/2017 11:56:08 AM, Info: ProjectInfo successfully initialized.
7/11/2017 11:56:10 AM, Info: Commiting verification transaction...
7/11/2017 11:56:10 AM, Info: Saving project information...
7/11/2017 12:03:57 PM, Info: Initializing SIMPLSharp Services...
7/11/2017 12:03:57 PM, Info: ProjectInfo successfully initialized.
7/11/2017 12:03:58 PM, Info: Commiting verification transaction...
7/11/2017 12:03:58 PM, Info: Saving project information...
7/11/2017 12:12:19 PM, Info: Initializing SIMPLSharp Services...
7/11/2017 12:12:19 PM, Info: ProjectInfo successfully initialized.
7/11/2017 12:12:20 PM, Info: Commiting verification transaction...
7/11/2017 12:12:20 PM, Info: Saving project information...
7/11/2017 12:14:39 PM, Info: Initializing SIMPLSharp Services...
7/11/2017 12:14:39 PM, Info: ProjectInfo successfully initialized.
7/11/2017 12:14:40 PM, Info: Commiting verification transaction...
7/11/2017 12:14:40 PM, Info: Saving project information...
7/11/2017 12:23:44 PM, Info: Initializing SIMPLSharp Services...
7/11/2017 12:23:44 PM, Info: ProjectInfo successfully initialized.
7/11/2017 12:23:46 PM, Info: Commiting verification transaction...
7/11/2017 12:23:46 PM, Info: Saving project information...
7/11/2017 12:43:14 PM, Info: Initializing SIMPLSharp Services...
7/11/2017 12:43:14 PM, Info: ProjectInfo successfully initialized.
7/11/2017 12:43:15 PM, Info: Commiting verification transaction...
7/11/2017 12:43:15 PM, Info: Saving project information...
7/11/2017 12:46:17 PM, Info: Initializing SIMPLSharp Services...
7/11/2017 12:46:17 PM, Info: ProjectInfo successfully initialized.
7/11/2017 12:46:19 PM, Info: Commiting verification transaction...
7/11/2017 12:46:19 PM, Info: Saving project information...
7/11/2017 2:36:56 PM, Info: Terminating SIMPLSharp Services
7/11/2017 2:36:56 PM, Info: Saving project information...
7/11/2017 2:36:56 PM, Info: Terminating SIMPLSharp Services
7/11/2017 2:36:56 PM, Info: Saving project information...
7/11/2017 2:36:56 PM, Info: Terminating SIMPLSharp Services
7/11/2017 2:36:56 PM, Info: Saving project information...
7/11/2017 2:36:56 PM, Info: Terminating SIMPLSharp Services
7/11/2017 2:36:56 PM, Info: Saving project information...
7/11/2017 2:36:56 PM, Info: Terminating SIMPLSharp Services
7/11/2017 2:36:56 PM, Info: Saving project information...
7/11/2017 2:36:56 PM, Info: Terminating SIMPLSharp Services
7/11/2017 2:36:56 PM, Info: Saving project information...
7/11/2017 2:36:56 PM, Info: Terminating SIMPLSharp Services
7/11/2017 2:36:56 PM, Info: Saving project information...
7/11/2017 2:36:56 PM, Info: Terminating SIMPLSharp Services
7/11/2017 2:36:56 PM, Info: Saving project information...
7/11/2017 2:36:56 PM, Info: Terminating SIMPLSharp Services
7/11/2017 2:36:56 PM, Info: Saving project information...
7/11/2017 2:36:56 PM, Info: Terminating SIMPLSharp Services
7/11/2017 2:36:56 PM, Info: Saving project information...
7/11/2017 2:36:56 PM, Info: Terminating SIMPLSharp Services
7/11/2017 2:36:56 PM, Info: Saving project information...
7/11/2017 2:36:56 PM, Info: Terminating SIMPLSharp Services
7/11/2017 2:36:56 PM, Info: Saving project information...
7/11/2017 2:36:56 PM, Info: Terminating SIMPLSharp Services
7/11/2017 2:36:56 PM, Info: Saving project information...
7/11/2017 2:36:56 PM, Info: Terminating SIMPLSharp Services
7/11/2017 2:36:56 PM, Info: Saving project information...
7/11/2017 2:36:56 PM, Info: Terminating SIMPLSharp Services
7/11/2017 2:36:56 PM, Info: Saving project information...
7/11/2017 2:36:56 PM, Info: Terminating SIMPLSharp Services
7/11/2017 2:36:56 PM, Info: Saving project information...
7/11/2017 2:36:56 PM, Info: Terminating SIMPLSharp Services
7/11/2017 2:36:56 PM, Info: Saving project information...
7/11/2017 2:36:56 PM, Info: Terminating SIMPLSharp Services
7/11/2017 2:36:56 PM, Info: Saving project information...
7/11/2017 2:36:56 PM, Info: Terminating SIMPLSharp Services
7/11/2017 2:36:56 PM, Info: Saving project information...
7/11/2017 2:36:56 PM, Info: Terminating SIMPLSharp Services
7/11/2017 2:36:56 PM, Info: Saving project information...
7/11/2017 2:36:56 PM, Info: Terminating SIMPLSharp Services
7/11/2017 2:36:56 PM, Info: Saving project information...
7/11/2017 2:36:56 PM, Info: Terminating SIMPLSharp Services
7/11/2017 2:36:56 PM, Info: Saving project information...
7/11/2017 2:36:56 PM, Info: Terminating SIMPLSharp Services
